# JRE version: OpenJDK Runtime Environment Microsoft-8035246 (17.0.8+7) (build 17.0.8+7-LTS)
# Java VM: OpenJDK 64-Bit Server VM Microsoft-8035246 (17.0.8+7-LTS, mixed mode, sharing, tiered, compressed oops, compressed class ptrs, g1 gc, windows-amd64)
GC Precious Log:
 CPUs: 8 total, 8 available
 Memory: 16122M
 Large Page Support: Disabled
 NUMA Support: Disabled
 Compressed Oops: Enabled (32-bit)
 Heap Region Size: 1M
 Heap Min Capacity: 8M
 Heap Initial Capacity: 252M
 Heap Max Capacity: 2G
 Pre-touch: Disabled
 Parallel Workers: 8
 Concurrent Workers: 2
 Concurrent Refinement Workers: 8
 Periodic GC: Disabled
Heap:
 garbage-first heap   total 276480K, used 223816K [0x0000000080000000, 0x0000000100000000)
  region size 1024K, 65 young (66560K), 6 survivors (6144K)
 Metaspace       used 98727K, committed 99776K, reserved 557056K
  class space    used 13862K, committed 14336K, reserved 425984K
GC Heap History (20 events):
Event: 25.933 GC heap before
{Heap before GC invocations=47 (full 0):
 garbage-first heap   total 157696K, used 109746K [0x0000000080000000, 0x0000000100000000)
  region size 1024K, 22 young (22528K), 1 survivors (1024K)
 Metaspace       used 71977K, committed 72704K, reserved 491520K
  class space    used 10073K, committed 10432K, reserved 425984K
}
Event: 25.936 GC heap after
{Heap after GC invocations=48 (full 0):
 garbage-first heap   total 157696K, used 88449K [0x0000000080000000, 0x0000000100000000)
  region size 1024K, 2 young (2048K), 2 survivors (2048K)
 Metaspace       used 71977K, committed 72704K, reserved 491520K
  class space    used 10073K, committed 10432K, reserved 425984K
}
Event: 25.994 GC heap before
{Heap before GC invocations=48 (full 0):
 garbage-first heap   total 157696K, used 93569K [0x0000000080000000, 0x0000000100000000)
  region size 1024K, 7 young (7168K), 2 survivors (2048K)
 Metaspace       used 72276K, committed 72960K, reserved 491520K
  class space    used 10115K, committed 10432K, reserved 425984K
}
Event: 25.997 GC heap after
{Heap after GC invocations=49 (full 0):
 garbage-first heap   total 276480K, used 88445K [0x0000000080000000, 0x0000000100000000)
  region size 1024K, 1 young (1024K), 1 survivors (1024K)
 Metaspace       used 72276K, committed 72960K, reserved 491520K
  class space    used 10115K, committed 10432K, reserved 425984K
}
Event: 27.037 GC heap before
{Heap before GC invocations=49 (full 0):
 garbage-first heap   total 276480K, used 179581K [0x0000000080000000, 0x0000000100000000)
  region size 1024K, 90 young (92160K), 1 survivors (1024K)
 Metaspace       used 76972K, committed 77696K, reserved 557056K
  class space    used 10737K, committed 11072K, reserved 425984K
}
Event: 27.045 GC heap after
{Heap after GC invocations=50 (full 0):
 garbage-first heap   total 276480K, used 93620K [0x0000000080000000, 0x0000000100000000)
  region size 1024K, 6 young (6144K), 6 survivors (6144K)
 Metaspace       used 76972K, committed 77696K, reserved 557056K
  class space    used 10737K, committed 11072K, reserved 425984K
}
Event: 31.691 GC heap before
{Heap before GC invocations=50 (full 0):
 garbage-first heap   total 276480K, used 188852K [0x0000000080000000, 0x0000000100000000)
  region size 1024K, 99 young (101376K), 6 survivors (6144K)
 Metaspace       used 82466K, committed 83200K, reserved 557056K
  class space    used 11673K, committed 12032K, reserved 425984K
}
Event: 31.700 GC heap after
{Heap after GC invocations=51 (full 0):
 garbage-first heap   total 276480K, used 97840K [0x0000000080000000, 0x0000000100000000)
  region size 1024K, 10 young (10240K), 10 survivors (10240K)
 Metaspace       used 82466K, committed 83200K, reserved 557056K
  class space    used 11673K, committed 12032K, reserved 425984K
}
Event: 33.182 GC heap before
{Heap before GC invocations=51 (full 0):
 garbage-first heap   total 276480K, used 197168K [0x0000000080000000, 0x0000000100000000)
  region size 1024K, 107 young (109568K), 10 survivors (10240K)
 Metaspace       used 86944K, committed 87808K, reserved 557056K
  class space    used 12317K, committed 12736K, reserved 425984K
}
Event: 33.198 GC heap after
{Heap after GC invocations=52 (full 0):
 garbage-first heap   total 276480K, used 106798K [0x0000000080000000, 0x0000000100000000)
  region size 1024K, 13 young (13312K), 13 survivors (13312K)
 Metaspace       used 86944K, committed 87808K, reserved 557056K
  class space    used 12317K, committed 12736K, reserved 425984K
}
Event: 35.055 GC heap before
{Heap before GC invocations=52 (full 0):
 garbage-first heap   total 276480K, used 211246K [0x0000000080000000, 0x0000000100000000)
  region size 1024K, 108 young (110592K), 13 survivors (13312K)
 Metaspace       used 88558K, committed 89536K, reserved 557056K
  class space    used 12508K, committed 12928K, reserved 425984K
}
Event: 35.078 GC heap after
{Heap after GC invocations=53 (full 0):
 garbage-first heap   total 276480K, used 139386K [0x0000000080000000, 0x0000000100000000)
  region size 1024K, 14 young (14336K), 14 survivors (14336K)
 Metaspace       used 88558K, committed 89536K, reserved 557056K
  class space    used 12508K, committed 12928K, reserved 425984K
}
Event: 36.241 GC heap before
{Heap before GC invocations=53 (full 0):
 garbage-first heap   total 276480K, used 210042K [0x0000000080000000, 0x0000000100000000)
  region size 1024K, 83 young (84992K), 14 survivors (14336K)
 Metaspace       used 93908K, committed 94912K, reserved 557056K
  class space    used 13240K, committed 13696K, reserved 425984K
}
Event: 36.249 GC heap after
{Heap after GC invocations=54 (full 0):
 garbage-first heap   total 276480K, used 145700K [0x0000000080000000, 0x0000000100000000)
  region size 1024K, 6 young (6144K), 6 survivors (6144K)
 Metaspace       used 93908K, committed 94912K, reserved 557056K
  class space    used 13240K, committed 13696K, reserved 425984K
}
Event: 37.337 GC heap before
{Heap before GC invocations=54 (full 0):
 garbage-first heap   total 276480K, used 215332K [0x0000000080000000, 0x0000000100000000)
  region size 1024K, 74 young (75776K), 6 survivors (6144K)
 Metaspace       used 96770K, committed 97792K, reserved 557056K
  class space    used 13604K, committed 14080K, reserved 425984K
}
Event: 37.347 GC heap after
{Heap after GC invocations=55 (full 0):
 garbage-first heap   total 276480K, used 152478K [0x0000000080000000, 0x0000000100000000)
  region size 1024K, 10 young (10240K), 10 survivors (10240K)
 Metaspace       used 96770K, committed 97792K, reserved 557056K
  class space    used 13604K, committed 14080K, reserved 425984K
}
Event: 38.143 GC heap before
{Heap before GC invocations=55 (full 0):
 garbage-first heap   total 276480K, used 220062K [0x0000000080000000, 0x0000000100000000)
  region size 1024K, 76 young (77824K), 10 survivors (10240K)
 Metaspace       used 97996K, committed 99008K, reserved 557056K
  class space    used 13802K, committed 14272K, reserved 425984K
}
Event: 38.160 GC heap after
{Heap after GC invocations=56 (full 0):
 garbage-first heap   total 276480K, used 160041K [0x0000000080000000, 0x0000000100000000)
  region size 1024K, 8 young (8192K), 8 survivors (8192K)
 Metaspace       used 97996K, committed 99008K, reserved 557056K
  class space    used 13802K, committed 14272K, reserved 425984K
}
Event: 38.823 GC heap before
{Heap before GC invocations=56 (full 0):
 garbage-first heap   total 276480K, used 221481K [0x0000000080000000, 0x0000000100000000)
  region size 1024K, 69 young (70656K), 8 survivors (8192K)
 Metaspace       used 98645K, committed 99648K, reserved 557056K
  class space    used 13861K, committed 14336K, reserved 425984K
}
Event: 38.834 GC heap after
{Heap after GC invocations=57 (full 0):
 garbage-first heap   total 276480K, used 165448K [0x0000000080000000, 0x0000000100000000)
  region size 1024K, 6 young (6144K), 6 survivors (6144K)
 Metaspace       used 98645K, committed 99648K, reserved 557056K
  class space    used 13861K, committed 14336K, reserved 425984K
}

