# JRE version: OpenJDK Runtime Environment Microsoft-8035246 (17.0.8+7) (build 17.0.8+7-LTS)
# Java VM: OpenJDK 64-Bit Server VM Microsoft-8035246 (17.0.8+7-LTS, mixed mode, sharing, tiered, compressed oops, compressed class ptrs, g1 gc, windows-amd64)
GC Precious Log:
 CPUs: 8 total, 8 available
 Memory: 16122M
 Large Page Support: Disabled
 NUMA Support: Disabled
 Compressed Oops: Enabled (32-bit)
 Heap Region Size: 1M
 Heap Min Capacity: 8M
 Heap Initial Capacity: 252M
 Heap Max Capacity: 2G
 Pre-touch: Disabled
 Parallel Workers: 8
 Concurrent Workers: 2
 Concurrent Refinement Workers: 8
 Periodic GC: Disabled
Heap:
 garbage-first heap   total 291840K, used 213631K [0x0000000080000000, 0x0000000100000000)
  region size 1024K, 62 young (63488K), 7 survivors (7168K)
 Metaspace       used 98702K, committed 99776K, reserved 557056K
  class space    used 13865K, committed 14400K, reserved 425984K
GC Heap History (20 events):
Event: 23.189 GC heap before
{Heap before GC invocations=45 (full 0):
 garbage-first heap   total 176128K, used 86305K [0x0000000080000000, 0x0000000100000000)
  region size 1024K, 8 young (8192K), 6 survivors (6144K)
 Metaspace       used 72871K, committed 73536K, reserved 491520K
  class space    used 10183K, committed 10496K, reserved 425984K
}
Event: 23.197 GC heap after
{Heap after GC invocations=46 (full 0):
 garbage-first heap   total 176128K, used 83812K [0x0000000080000000, 0x0000000100000000)
  region size 1024K, 1 young (1024K), 1 survivors (1024K)
 Metaspace       used 72871K, committed 73536K, reserved 491520K
  class space    used 10183K, committed 10496K, reserved 425984K
}
Event: 23.862 GC heap before
{Heap before GC invocations=46 (full 0):
 garbage-first heap   total 176128K, used 124772K [0x0000000080000000, 0x0000000100000000)
  region size 1024K, 41 young (41984K), 1 survivors (1024K)
 Metaspace       used 75898K, committed 76544K, reserved 557056K
  class space    used 10587K, committed 10880K, reserved 425984K
}
Event: 23.864 GC heap after
{Heap after GC invocations=47 (full 0):
 garbage-first heap   total 176128K, used 85164K [0x0000000080000000, 0x0000000100000000)
  region size 1024K, 2 young (2048K), 2 survivors (2048K)
 Metaspace       used 75898K, committed 76544K, reserved 557056K
  class space    used 10587K, committed 10880K, reserved 425984K
}
Event: 24.477 GC heap before
{Heap before GC invocations=48 (full 0):
 garbage-first heap   total 176128K, used 129196K [0x0000000080000000, 0x0000000100000000)
  region size 1024K, 45 young (46080K), 2 survivors (2048K)
 Metaspace       used 76970K, committed 77696K, reserved 557056K
  class space    used 10732K, committed 11072K, reserved 425984K
}
Event: 24.485 GC heap after
{Heap after GC invocations=49 (full 0):
 garbage-first heap   total 176128K, used 88386K [0x0000000080000000, 0x0000000100000000)
  region size 1024K, 5 young (5120K), 5 survivors (5120K)
 Metaspace       used 76970K, committed 77696K, reserved 557056K
  class space    used 10732K, committed 11072K, reserved 425984K
}
Event: 24.515 GC heap before
{Heap before GC invocations=49 (full 0):
 garbage-first heap   total 176128K, used 91458K [0x0000000080000000, 0x0000000100000000)
  region size 1024K, 8 young (8192K), 5 survivors (5120K)
 Metaspace       used 76970K, committed 77696K, reserved 557056K
  class space    used 10732K, committed 11072K, reserved 425984K
}
Event: 24.523 GC heap after
{Heap after GC invocations=50 (full 0):
 garbage-first heap   total 291840K, used 88127K [0x0000000080000000, 0x0000000100000000)
  region size 1024K, 1 young (1024K), 1 survivors (1024K)
 Metaspace       used 76970K, committed 77696K, reserved 557056K
  class space    used 10732K, committed 11072K, reserved 425984K
}
Event: 30.504 GC heap before
{Heap before GC invocations=50 (full 0):
 garbage-first heap   total 291840K, used 199743K [0x0000000080000000, 0x0000000100000000)
  region size 1024K, 109 young (111616K), 1 survivors (1024K)
 Metaspace       used 83823K, committed 84544K, reserved 557056K
  class space    used 11857K, committed 12160K, reserved 425984K
}
Event: 30.511 GC heap after
{Heap after GC invocations=51 (full 0):
 garbage-first heap   total 291840K, used 92744K [0x0000000080000000, 0x0000000100000000)
  region size 1024K, 5 young (5120K), 5 survivors (5120K)
 Metaspace       used 83823K, committed 84544K, reserved 557056K
  class space    used 11857K, committed 12160K, reserved 425984K
}
Event: 32.556 GC heap before
{Heap before GC invocations=51 (full 0):
 garbage-first heap   total 291840K, used 210504K [0x0000000080000000, 0x0000000100000000)
  region size 1024K, 117 young (119808K), 5 survivors (5120K)
 Metaspace       used 87808K, committed 88768K, reserved 557056K
  class space    used 12436K, committed 12864K, reserved 425984K
}
Event: 32.578 GC heap after
{Heap after GC invocations=52 (full 0):
 garbage-first heap   total 291840K, used 115860K [0x0000000080000000, 0x0000000100000000)
  region size 1024K, 15 young (15360K), 15 survivors (15360K)
 Metaspace       used 87808K, committed 88768K, reserved 557056K
  class space    used 12436K, committed 12864K, reserved 425984K
}
Event: 34.647 GC heap before
{Heap before GC invocations=52 (full 0):
 garbage-first heap   total 291840K, used 216212K [0x0000000080000000, 0x0000000100000000)
  region size 1024K, 110 young (112640K), 15 survivors (15360K)
 Metaspace       used 90210K, committed 91136K, reserved 557056K
  class space    used 12723K, committed 13120K, reserved 425984K
}
Event: 34.669 GC heap after
{Heap after GC invocations=53 (full 0):
 garbage-first heap   total 291840K, used 136746K [0x0000000080000000, 0x0000000100000000)
  region size 1024K, 14 young (14336K), 14 survivors (14336K)
 Metaspace       used 90210K, committed 91136K, reserved 557056K
  class space    used 12723K, committed 13120K, reserved 425984K
}
Event: 36.407 GC heap before
{Heap before GC invocations=53 (full 0):
 garbage-first heap   total 291840K, used 218666K [0x0000000080000000, 0x0000000100000000)
  region size 1024K, 94 young (96256K), 14 survivors (14336K)
 Metaspace       used 96069K, committed 97088K, reserved 557056K
  class space    used 13515K, committed 14016K, reserved 425984K
}
Event: 36.425 GC heap after
{Heap after GC invocations=54 (full 0):
 garbage-first heap   total 291840K, used 144814K [0x0000000080000000, 0x0000000100000000)
  region size 1024K, 7 young (7168K), 7 survivors (7168K)
 Metaspace       used 96069K, committed 97088K, reserved 557056K
  class space    used 13515K, committed 14016K, reserved 425984K
}
Event: 37.744 GC heap before
{Heap before GC invocations=54 (full 0):
 garbage-first heap   total 291840K, used 224686K [0x0000000080000000, 0x0000000100000000)
  region size 1024K, 85 young (87040K), 7 survivors (7168K)
 Metaspace       used 97356K, committed 98368K, reserved 557056K
  class space    used 13650K, committed 14144K, reserved 425984K
}
Event: 37.768 GC heap after
{Heap after GC invocations=55 (full 0):
 garbage-first heap   total 291840K, used 152984K [0x0000000080000000, 0x0000000100000000)
  region size 1024K, 9 young (9216K), 9 survivors (9216K)
 Metaspace       used 97356K, committed 98368K, reserved 557056K
  class space    used 13650K, committed 14144K, reserved 425984K
}
Event: 39.084 GC heap before
{Heap before GC invocations=55 (full 0):
 garbage-first heap   total 291840K, used 227736K [0x0000000080000000, 0x0000000100000000)
  region size 1024K, 83 young (84992K), 9 survivors (9216K)
 Metaspace       used 98667K, committed 99776K, reserved 557056K
  class space    used 13864K, committed 14400K, reserved 425984K
}
Event: 39.105 GC heap after
{Heap after GC invocations=56 (full 0):
 garbage-first heap   total 291840K, used 159359K [0x0000000080000000, 0x0000000100000000)
  region size 1024K, 7 young (7168K), 7 survivors (7168K)
 Metaspace       used 98667K, committed 99776K, reserved 557056K
  class space    used 13864K, committed 14400K, reserved 425984K
}

